[Mon Jul 20 13:56:54.418269 2020] [core:warn] [pid 1] AH00111: Config variable ${APP_URL} is not defined
AH00558: apache2: Could not reliably determine the server's fully qualified domain name, using 172.18.0.4. Set the 'ServerName' directive globally to suppress this message
[Mon Jul 20 13:56:54.631831 2020] [mpm_prefork:notice] [pid 1] AH00163: Apache/2.4.25 (Debian) OpenSSL/1.0.2r configured -- resuming normal operations
[Mon Jul 20 13:56:54.631869 2020] [core:notice] [pid 1] AH00094: Command line: 'apache2 -D FOREGROUND'
[Mon Jul 20 14:22:38.043460 2020] [mpm_prefork:notice] [pid 1] AH00169: caught SIGTERM, shutting down
[Mon Jul 20 14:22:53.583573 2020] [core:warn] [pid 1] AH00111: Config variable ${APP_URL} is not defined
AH00558: apache2: Could not reliably determine the server's fully qualified domain name, using 172.20.0.5. Set the 'ServerName' directive globally to suppress this message
[Mon Jul 20 14:22:53.676892 2020] [mpm_prefork:notice] [pid 1] AH00163: Apache/2.4.25 (Debian) OpenSSL/1.0.2r configured -- resuming normal operations
[Mon Jul 20 14:22:53.700080 2020] [core:notice] [pid 1] AH00094: Command line: 'apache2 -D FOREGROUND'
[Mon Jul 20 14:23:50.378070 2020] [mpm_prefork:notice] [pid 1] AH00169: caught SIGTERM, shutting down
[Mon Jul 20 14:27:40.391359 2020] [core:warn] [pid 1] AH00111: Config variable ${APP_URL} is not defined
AH00558: apache2: Could not reliably determine the server's fully qualified domain name, using 172.18.0.5. Set the 'ServerName' directive globally to suppress this message
[Mon Jul 20 14:27:40.704443 2020] [mpm_prefork:notice] [pid 1] AH00163: Apache/2.4.25 (Debian) OpenSSL/1.0.2r configured -- resuming normal operations
[Mon Jul 20 14:27:40.704486 2020] [core:notice] [pid 1] AH00094: Command line: 'apache2 -D FOREGROUND'
[Mon Jul 20 14:30:52.081826 2020] [mpm_prefork:notice] [pid 1] AH00169: caught SIGTERM, shutting down
[Mon Jul 20 14:31:04.612479 2020] [core:warn] [pid 1] AH00111: Config variable ${APP_URL} is not defined
AH00558: apache2: Could not reliably determine the server's fully qualified domain name, using 172.20.0.4. Set the 'ServerName' directive globally to suppress this message
[Mon Jul 20 14:31:04.805576 2020] [mpm_prefork:notice] [pid 1] AH00163: Apache/2.4.25 (Debian) OpenSSL/1.0.2r configured -- resuming normal operations
[Mon Jul 20 14:31:04.805610 2020] [core:notice] [pid 1] AH00094: Command line: 'apache2 -D FOREGROUND'
[Mon Jul 20 14:31:29.127909 2020] [mpm_prefork:notice] [pid 1] AH00169: caught SIGTERM, shutting down
[Mon Jul 20 14:31:51.711058 2020] [core:warn] [pid 1] AH00111: Config variable ${APP_URL} is not defined
AH00558: apache2: Could not reliably determine the server's fully qualified domain name, using 172.22.0.5. Set the 'ServerName' directive globally to suppress this message
[Mon Jul 20 14:31:51.882952 2020] [mpm_prefork:notice] [pid 1] AH00163: Apache/2.4.25 (Debian) OpenSSL/1.0.2r configured -- resuming normal operations
[Mon Jul 20 14:31:51.882991 2020] [core:notice] [pid 1] AH00094: Command line: 'apache2 -D FOREGROUND'
[Mon Jul 20 14:33:43.945316 2020] [mpm_prefork:notice] [pid 1] AH00169: caught SIGTERM, shutting down
[Mon Jul 20 14:58:08.640015 2020] [core:warn] [pid 1] AH00111: Config variable ${APP_URL} is not defined
AH00558: apache2: Could not reliably determine the server's fully qualified domain name, using 172.26.0.4. Set the 'ServerName' directive globally to suppress this message
[Mon Jul 20 14:58:08.993673 2020] [mpm_prefork:notice] [pid 1] AH00163: Apache/2.4.25 (Debian) OpenSSL/1.0.2r configured -- resuming normal operations
[Mon Jul 20 14:58:08.993715 2020] [core:notice] [pid 1] AH00094: Command line: 'apache2 -D FOREGROUND'
[Mon Jul 20 15:06:23.186399 2020] [mpm_prefork:notice] [pid 1] AH00169: caught SIGTERM, shutting down
[Mon Jul 20 15:16:19.876761 2020] [core:warn] [pid 1] AH00111: Config variable ${APP_URL} is not defined
AH00558: apache2: Could not reliably determine the server's fully qualified domain name, using 172.28.0.5. Set the 'ServerName' directive globally to suppress this message
[Mon Jul 20 15:16:20.210950 2020] [mpm_prefork:notice] [pid 1] AH00163: Apache/2.4.25 (Debian) OpenSSL/1.0.2r configured -- resuming normal operations
[Mon Jul 20 15:16:20.211036 2020] [core:notice] [pid 1] AH00094: Command line: 'apache2 -D FOREGROUND'
[Mon Jul 20 16:42:37.050881 2020] [mpm_prefork:notice] [pid 1] AH00169: caught SIGTERM, shutting down
[Wed Jul 22 10:06:41.072459 2020] [core:warn] [pid 1] AH00111: Config variable ${APP_URL} is not defined
AH00558: apache2: Could not reliably determine the server's fully qualified domain name, using 172.18.0.5. Set the 'ServerName' directive globally to suppress this message
[Wed Jul 22 10:06:41.489815 2020] [mpm_prefork:notice] [pid 1] AH00163: Apache/2.4.25 (Debian) OpenSSL/1.0.2r configured -- resuming normal operations
[Wed Jul 22 10:06:41.489877 2020] [core:notice] [pid 1] AH00094: Command line: 'apache2 -D FOREGROUND'
[Wed Sep 16 08:14:24.394929 2020] [core:warn] [pid 1] AH00111: Config variable ${APP_URL} is not defined
AH00112: Warning: DocumentRoot [/var/www/html/public] does not exist
AH00558: apache2: Could not reliably determine the server's fully qualified domain name, using 172.18.0.3. Set the 'ServerName' directive globally to suppress this message
[Wed Sep 16 08:14:24.575313 2020] [mpm_prefork:notice] [pid 1] AH00163: Apache/2.4.25 (Debian) OpenSSL/1.0.2r configured -- resuming normal operations
[Wed Sep 16 08:14:24.575348 2020] [core:notice] [pid 1] AH00094: Command line: 'apache2 -D FOREGROUND'
[Wed Sep 16 08:23:01.993751 2020] [mpm_prefork:notice] [pid 1] AH00169: caught SIGTERM, shutting down
[Wed Sep 16 08:23:38.294839 2020] [core:warn] [pid 1] AH00111: Config variable ${APP_URL} is not defined
AH00112: Warning: DocumentRoot [/var/www/html/public] does not exist
AH00558: apache2: Could not reliably determine the server's fully qualified domain name, using 172.20.0.3. Set the 'ServerName' directive globally to suppress this message
[Wed Sep 16 08:23:38.359850 2020] [mpm_prefork:notice] [pid 1] AH00163: Apache/2.4.25 (Debian) OpenSSL/1.0.2r configured -- resuming normal operations
[Wed Sep 16 08:23:38.362406 2020] [core:notice] [pid 1] AH00094: Command line: 'apache2 -D FOREGROUND'
[Wed Sep 16 13:10:50.416960 2020] [mpm_prefork:notice] [pid 1] AH00169: caught SIGTERM, shutting down
[Wed Sep 16 14:22:25.048588 2020] [core:warn] [pid 1] AH00111: Config variable ${APP_URL} is not defined
AH00112: Warning: DocumentRoot [/var/www/html/public] does not exist
AH00558: apache2: Could not reliably determine the server's fully qualified domain name, using 172.18.0.3. Set the 'ServerName' directive globally to suppress this message
[Wed Sep 16 14:22:25.204008 2020] [mpm_prefork:notice] [pid 1] AH00163: Apache/2.4.25 (Debian) OpenSSL/1.0.2r configured -- resuming normal operations
[Wed Sep 16 14:22:25.205590 2020] [core:notice] [pid 1] AH00094: Command line: 'apache2 -D FOREGROUND'
[Wed Sep 16 14:43:47.383392 2020] [mpm_prefork:notice] [pid 1] AH00169: caught SIGTERM, shutting down
[Wed Sep 16 14:43:55.320844 2020] [core:warn] [pid 1] AH00111: Config variable ${APP_URL} is not defined
AH00112: Warning: DocumentRoot [/var/www/html/public] does not exist
AH00558: apache2: Could not reliably determine the server's fully qualified domain name, using 172.20.0.3. Set the 'ServerName' directive globally to suppress this message
[Wed Sep 16 14:43:55.396813 2020] [mpm_prefork:notice] [pid 1] AH00163: Apache/2.4.25 (Debian) OpenSSL/1.0.2r configured -- resuming normal operations
[Wed Sep 16 14:43:55.405957 2020] [core:notice] [pid 1] AH00094: Command line: 'apache2 -D FOREGROUND'
[Wed Sep 16 14:44:13.213188 2020] [mpm_prefork:notice] [pid 1] AH00169: caught SIGTERM, shutting down
[Wed Sep 16 14:44:28.362612 2020] [core:warn] [pid 1] AH00111: Config variable ${APP_URL} is not defined
AH00112: Warning: DocumentRoot [/var/www/html/public] does not exist
AH00558: apache2: Could not reliably determine the server's fully qualified domain name, using 172.22.0.3. Set the 'ServerName' directive globally to suppress this message
[Wed Sep 16 14:44:28.444950 2020] [mpm_prefork:notice] [pid 1] AH00163: Apache/2.4.25 (Debian) OpenSSL/1.0.2r configured -- resuming normal operations
[Wed Sep 16 14:44:28.446641 2020] [core:notice] [pid 1] AH00094: Command line: 'apache2 -D FOREGROUND'
[Wed Sep 16 15:18:07.352441 2020] [mpm_prefork:notice] [pid 1] AH00169: caught SIGTERM, shutting down
[Wed Sep 16 15:18:16.008404 2020] [core:warn] [pid 1] AH00111: Config variable ${APP_URL} is not defined
AH00112: Warning: DocumentRoot [/var/www/html/public] does not exist
AH00558: apache2: Could not reliably determine the server's fully qualified domain name, using 172.24.0.3. Set the 'ServerName' directive globally to suppress this message
[Wed Sep 16 15:18:16.088144 2020] [mpm_prefork:notice] [pid 1] AH00163: Apache/2.4.25 (Debian) OpenSSL/1.0.2r configured -- resuming normal operations
[Wed Sep 16 15:18:16.089840 2020] [core:notice] [pid 1] AH00094: Command line: 'apache2 -D FOREGROUND'
[Wed Sep 16 15:19:01.534108 2020] [mpm_prefork:notice] [pid 1] AH00169: caught SIGTERM, shutting down
[Wed Sep 16 15:20:03.247398 2020] [core:warn] [pid 1] AH00111: Config variable ${APP_URL} is not defined
AH00112: Warning: DocumentRoot [/var/www/html/public] does not exist
AH00558: apache2: Could not reliably determine the server's fully qualified domain name, using 172.26.0.2. Set the 'ServerName' directive globally to suppress this message
[Wed Sep 16 15:20:03.397411 2020] [mpm_prefork:notice] [pid 1] AH00163: Apache/2.4.25 (Debian) OpenSSL/1.0.2r configured -- resuming normal operations
[Wed Sep 16 15:20:03.410611 2020] [core:notice] [pid 1] AH00094: Command line: 'apache2 -D FOREGROUND'
[Wed Sep 16 15:20:10.638208 2020] [mpm_prefork:notice] [pid 1] AH00169: caught SIGTERM, shutting down
[Wed Sep 16 15:20:25.228604 2020] [core:warn] [pid 1] AH00111: Config variable ${APP_URL} is not defined
AH00112: Warning: DocumentRoot [/var/www/html/public] does not exist
AH00558: apache2: Could not reliably determine the server's fully qualified domain name, using 172.28.0.2. Set the 'ServerName' directive globally to suppress this message
[Wed Sep 16 15:20:25.341322 2020] [mpm_prefork:notice] [pid 1] AH00163: Apache/2.4.25 (Debian) OpenSSL/1.0.2r configured -- resuming normal operations
[Wed Sep 16 15:20:25.350561 2020] [core:notice] [pid 1] AH00094: Command line: 'apache2 -D FOREGROUND'
[Wed Sep 16 15:24:19.539965 2020] [mpm_prefork:notice] [pid 1] AH00169: caught SIGTERM, shutting down
[Wed Sep 16 15:24:28.374160 2020] [core:warn] [pid 1] AH00111: Config variable ${APP_URL} is not defined
AH00558: apache2: Could not reliably determine the server's fully qualified domain name, using 172.30.0.3. Set the 'ServerName' directive globally to suppress this message
[Wed Sep 16 15:24:28.448685 2020] [mpm_prefork:notice] [pid 1] AH00163: Apache/2.4.25 (Debian) OpenSSL/1.0.2r configured -- resuming normal operations
[Wed Sep 16 15:24:28.455558 2020] [core:notice] [pid 1] AH00094: Command line: 'apache2 -D FOREGROUND'
[Wed Sep 16 15:51:57.362721 2020] [mpm_prefork:notice] [pid 1] AH00169: caught SIGTERM, shutting down
[Wed Sep 16 16:21:35.654938 2020] [core:warn] [pid 1] AH00111: Config variable ${APP_URL} is not defined
AH00558: apache2: Could not reliably determine the server's fully qualified domain name, using 192.168.48.3. Set the 'ServerName' directive globally to suppress this message
[Wed Sep 16 16:21:35.821544 2020] [mpm_prefork:notice] [pid 1] AH00163: Apache/2.4.25 (Debian) OpenSSL/1.0.2r configured -- resuming normal operations
[Wed Sep 16 16:21:35.837209 2020] [core:notice] [pid 1] AH00094: Command line: 'apache2 -D FOREGROUND'
[Wed Sep 16 16:23:41.136019 2020] [mpm_prefork:notice] [pid 1] AH00169: caught SIGTERM, shutting down
[Wed Sep 16 16:56:58.527102 2020] [core:warn] [pid 1] AH00111: Config variable ${APP_URL} is not defined
AH00558: apache2: Could not reliably determine the server's fully qualified domain name, using 192.168.144.3. Set the 'ServerName' directive globally to suppress this message
[Wed Sep 16 16:56:58.781578 2020] [mpm_prefork:notice] [pid 1] AH00163: Apache/2.4.25 (Debian) OpenSSL/1.0.2r configured -- resuming normal operations
[Wed Sep 16 16:56:58.822300 2020] [core:notice] [pid 1] AH00094: Command line: 'apache2 -D FOREGROUND'
[Wed Sep 16 17:04:10.821153 2020] [mpm_prefork:notice] [pid 1] AH00169: caught SIGTERM, shutting down
[Wed Sep 16 17:04:20.719829 2020] [core:warn] [pid 1] AH00111: Config variable ${APP_URL} is not defined
AH00558: apache2: Could not reliably determine the server's fully qualified domain name, using 192.168.176.3. Set the 'ServerName' directive globally to suppress this message
[Wed Sep 16 17:04:20.795833 2020] [mpm_prefork:notice] [pid 1] AH00163: Apache/2.4.25 (Debian) OpenSSL/1.0.2r configured -- resuming normal operations
[Wed Sep 16 17:04:20.800039 2020] [core:notice] [pid 1] AH00094: Command line: 'apache2 -D FOREGROUND'
[Wed Sep 16 17:06:12.601871 2020] [mpm_prefork:notice] [pid 1] AH00169: caught SIGTERM, shutting down
[Wed Sep 16 17:06:20.362009 2020] [core:warn] [pid 1] AH00111: Config variable ${APP_URL} is not defined
AH00558: apache2: Could not reliably determine the server's fully qualified domain name, using 192.168.208.3. Set the 'ServerName' directive globally to suppress this message
[Wed Sep 16 17:06:20.472689 2020] [mpm_prefork:notice] [pid 1] AH00163: Apache/2.4.25 (Debian) OpenSSL/1.0.2r configured -- resuming normal operations
[Wed Sep 16 17:06:20.502538 2020] [core:notice] [pid 1] AH00094: Command line: 'apache2 -D FOREGROUND'
[Wed Sep 16 17:08:25.552624 2020] [mpm_prefork:notice] [pid 1] AH00169: caught SIGTERM, shutting down
[Wed Sep 16 17:08:33.180451 2020] [core:warn] [pid 1] AH00111: Config variable ${APP_URL} is not defined
AH00558: apache2: Could not reliably determine the server's fully qualified domain name, using 192.168.240.2. Set the 'ServerName' directive globally to suppress this message
[Wed Sep 16 17:08:33.308870 2020] [mpm_prefork:notice] [pid 1] AH00163: Apache/2.4.25 (Debian) OpenSSL/1.0.2r configured -- resuming normal operations
[Wed Sep 16 17:08:33.335757 2020] [core:notice] [pid 1] AH00094: Command line: 'apache2 -D FOREGROUND'
[Wed Sep 16 17:18:23.092781 2020] [mpm_prefork:notice] [pid 1] AH00169: caught SIGTERM, shutting down
[Wed Sep 16 17:18:32.296766 2020] [core:warn] [pid 1] AH00111: Config variable ${APP_URL} is not defined
AH00558: apache2: Could not reliably determine the server's fully qualified domain name, using 172.19.0.3. Set the 'ServerName' directive globally to suppress this message
[Wed Sep 16 17:18:32.475915 2020] [mpm_prefork:notice] [pid 1] AH00163: Apache/2.4.25 (Debian) OpenSSL/1.0.2r configured -- resuming normal operations
[Wed Sep 16 17:18:32.481994 2020] [core:notice] [pid 1] AH00094: Command line: 'apache2 -D FOREGROUND'
[Wed Sep 16 17:23:38.090375 2020] [mpm_prefork:notice] [pid 1] AH00169: caught SIGTERM, shutting down
[Wed Sep 16 17:23:52.329482 2020] [core:warn] [pid 1] AH00111: Config variable ${APP_URL} is not defined
AH00558: apache2: Could not reliably determine the server's fully qualified domain name, using 172.21.0.3. Set the 'ServerName' directive globally to suppress this message
[Wed Sep 16 17:23:52.517594 2020] [mpm_prefork:notice] [pid 1] AH00163: Apache/2.4.25 (Debian) OpenSSL/1.0.2r configured -- resuming normal operations
[Wed Sep 16 17:23:52.527759 2020] [core:notice] [pid 1] AH00094: Command line: 'apache2 -D FOREGROUND'
[Wed Sep 16 17:32:00.300495 2020] [mpm_prefork:notice] [pid 1] AH00169: caught SIGTERM, shutting down
[Wed Sep 16 17:50:04.293776 2020] [core:warn] [pid 1] AH00111: Config variable ${APP_URL} is not defined
AH00558: apache2: Could not reliably determine the server's fully qualified domain name, using 172.23.0.3. Set the 'ServerName' directive globally to suppress this message
[Wed Sep 16 17:50:04.460055 2020] [mpm_prefork:notice] [pid 1] AH00163: Apache/2.4.25 (Debian) OpenSSL/1.0.2r configured -- resuming normal operations
[Wed Sep 16 17:50:04.464907 2020] [core:notice] [pid 1] AH00094: Command line: 'apache2 -D FOREGROUND'
[Wed Sep 16 17:50:34.508092 2020] [mpm_prefork:notice] [pid 1] AH00169: caught SIGTERM, shutting down
[Wed Sep 16 17:51:20.128116 2020] [core:warn] [pid 1] AH00111: Config variable ${APP_URL} is not defined
AH00558: apache2: Could not reliably determine the server's fully qualified domain name, using 172.25.0.3. Set the 'ServerName' directive globally to suppress this message
[Wed Sep 16 17:51:20.244528 2020] [mpm_prefork:notice] [pid 1] AH00163: Apache/2.4.25 (Debian) OpenSSL/1.0.2r configured -- resuming normal operations
[Wed Sep 16 17:51:20.253162 2020] [core:notice] [pid 1] AH00094: Command line: 'apache2 -D FOREGROUND'
[Wed Sep 16 17:56:02.552044 2020] [mpm_prefork:notice] [pid 1] AH00169: caught SIGTERM, shutting down
[Thu Sep 17 15:28:45.820981 2020] [core:warn] [pid 1] AH00111: Config variable ${APP_URL} is not defined
AH00558: apache2: Could not reliably determine the server's fully qualified domain name, using 172.18.0.3. Set the 'ServerName' directive globally to suppress this message
[Thu Sep 17 15:28:45.994265 2020] [mpm_prefork:notice] [pid 1] AH00163: Apache/2.4.25 (Debian) OpenSSL/1.0.2r configured -- resuming normal operations
[Thu Sep 17 15:28:46.007675 2020] [core:notice] [pid 1] AH00094: Command line: 'apache2 -D FOREGROUND'
[Thu Sep 17 15:35:01.864730 2020] [mpm_prefork:notice] [pid 1] AH00169: caught SIGTERM, shutting down
[Thu Sep 17 15:35:17.742364 2020] [core:warn] [pid 1] AH00111: Config variable ${APP_URL} is not defined
AH00558: apache2: Could not reliably determine the server's fully qualified domain name, using 172.20.0.3. Set the 'ServerName' directive globally to suppress this message
[Thu Sep 17 15:35:17.829587 2020] [mpm_prefork:notice] [pid 1] AH00163: Apache/2.4.25 (Debian) OpenSSL/1.0.2r configured -- resuming normal operations
[Thu Sep 17 15:35:17.834072 2020] [core:notice] [pid 1] AH00094: Command line: 'apache2 -D FOREGROUND'
[Thu Sep 17 15:35:40.127945 2020] [mpm_prefork:notice] [pid 1] AH00169: caught SIGTERM, shutting down
[Thu Sep 17 15:35:48.147425 2020] [core:warn] [pid 1] AH00111: Config variable ${APP_URL} is not defined
AH00558: apache2: Could not reliably determine the server's fully qualified domain name, using 172.22.0.3. Set the 'ServerName' directive globally to suppress this message
[Thu Sep 17 15:35:48.294101 2020] [mpm_prefork:notice] [pid 1] AH00163: Apache/2.4.25 (Debian) OpenSSL/1.0.2r configured -- resuming normal operations
[Thu Sep 17 15:35:48.302396 2020] [core:notice] [pid 1] AH00094: Command line: 'apache2 -D FOREGROUND'
[Thu Sep 17 15:37:32.024601 2020] [mpm_prefork:notice] [pid 1] AH00169: caught SIGTERM, shutting down
[Thu Sep 17 16:03:39.015524 2020] [core:warn] [pid 1] AH00111: Config variable ${APP_URL} is not defined
AH00558: apache2: Could not reliably determine the server's fully qualified domain name, using 172.26.0.3. Set the 'ServerName' directive globally to suppress this message
[Thu Sep 17 16:03:39.302375 2020] [mpm_prefork:notice] [pid 1] AH00163: Apache/2.4.25 (Debian) OpenSSL/1.0.2r configured -- resuming normal operations
[Thu Sep 17 16:03:39.303550 2020] [core:notice] [pid 1] AH00094: Command line: 'apache2 -D FOREGROUND'
[Thu Sep 17 16:07:52.325208 2020] [mpm_prefork:notice] [pid 1] AH00169: caught SIGTERM, shutting down
[Thu Sep 17 16:35:01.537722 2020] [core:warn] [pid 1] AH00111: Config variable ${APP_URL} is not defined
AH00558: apache2: Could not reliably determine the server's fully qualified domain name, using 172.28.0.4. Set the 'ServerName' directive globally to suppress this message
[Thu Sep 17 16:35:01.653168 2020] [mpm_prefork:notice] [pid 1] AH00163: Apache/2.4.25 (Debian) OpenSSL/1.0.2r configured -- resuming normal operations
[Thu Sep 17 16:35:01.656556 2020] [core:notice] [pid 1] AH00094: Command line: 'apache2 -D FOREGROUND'
[Thu Sep 17 16:37:00.648919 2020] [mpm_prefork:notice] [pid 1] AH00169: caught SIGTERM, shutting down
[Thu Sep 17 16:37:21.081300 2020] [core:warn] [pid 1] AH00111: Config variable ${APP_URL} is not defined
AH00558: apache2: Could not reliably determine the server's fully qualified domain name, using 172.30.0.4. Set the 'ServerName' directive globally to suppress this message
[Thu Sep 17 16:37:21.156681 2020] [mpm_prefork:notice] [pid 1] AH00163: Apache/2.4.25 (Debian) OpenSSL/1.0.2r configured -- resuming normal operations
[Thu Sep 17 16:37:21.166801 2020] [core:notice] [pid 1] AH00094: Command line: 'apache2 -D FOREGROUND'
[Thu Sep 17 16:56:27.369020 2020] [mpm_prefork:notice] [pid 1] AH00169: caught SIGTERM, shutting down
[Thu Sep 17 17:03:30.365242 2020] [core:warn] [pid 1] AH00111: Config variable ${APP_URL} is not defined
AH00558: apache2: Could not reliably determine the server's fully qualified domain name, using 172.18.0.4. Set the 'ServerName' directive globally to suppress this message
[Thu Sep 17 17:03:30.501524 2020] [mpm_prefork:notice] [pid 1] AH00163: Apache/2.4.25 (Debian) OpenSSL/1.0.2r configured -- resuming normal operations
[Thu Sep 17 17:03:30.511426 2020] [core:notice] [pid 1] AH00094: Command line: 'apache2 -D FOREGROUND'
[Thu Sep 17 17:04:32.669047 2020] [mpm_prefork:notice] [pid 1] AH00169: caught SIGTERM, shutting down
[Thu Sep 17 17:04:51.626549 2020] [core:warn] [pid 1] AH00111: Config variable ${APP_URL} is not defined
AH00558: apache2: Could not reliably determine the server's fully qualified domain name, using 172.20.0.3. Set the 'ServerName' directive globally to suppress this message
[Thu Sep 17 17:04:51.786486 2020] [mpm_prefork:notice] [pid 1] AH00163: Apache/2.4.25 (Debian) OpenSSL/1.0.2r configured -- resuming normal operations
[Thu Sep 17 17:04:51.798523 2020] [core:notice] [pid 1] AH00094: Command line: 'apache2 -D FOREGROUND'
